d:\software\gitprojects\computergraphics\cg_skel_2013\cg_skel_w_mfc\debug\cg_skel_w_mfc.pch
d:\software\gitprojects\computergraphics\cg_skel_2013\cg_skel_w_mfc\debug\vc120.pdb
d:\software\gitprojects\computergraphics\cg_skel_2013\cg_skel_w_mfc\debug\vc120.idb
d:\software\gitprojects\computergraphics\cg_skel_2013\cg_skel_w_mfc\debug\stdafx.obj
d:\software\gitprojects\computergraphics\cg_skel_2013\cg_skel_w_mfc\debug\cg_skel_w_mfc.obj
d:\software\gitprojects\computergraphics\cg_skel_2013\cg_skel_w_mfc\debug\initshader.obj
d:\software\gitprojects\computergraphics\cg_skel_2013\cg_skel_w_mfc\debug\inputdialog.obj
d:\software\gitprojects\computergraphics\cg_skel_2013\cg_skel_w_mfc\debug\meshmodel.obj
d:\software\gitprojects\computergraphics\cg_skel_2013\cg_skel_w_mfc\debug\renderer.obj
d:\software\gitprojects\computergraphics\cg_skel_2013\cg_skel_w_mfc\debug\scene.obj
d:\software\gitprojects\computergraphics\cg_skel_2013\cg_skel_w_mfc\debug\unittest.obj
d:\software\gitprojects\computergraphics\cg_skel_2013\debug\cg_skel_w_mfc.ilk
d:\software\gitprojects\computergraphics\cg_skel_2013\debug\cg_skel_w_mfc.exe
d:\software\gitprojects\computergraphics\cg_skel_2013\debug\cg_skel_w_mfc.pdb
d:\software\gitprojects\computergraphics\cg_skel_2013\cg_skel_w_mfc\debug\cg_skel_w_mfc.res
d:\software\gitprojects\computergraphics\cg_skel_2013\cg_skel_w_mfc\debug\cg_skel_w_mfc.tlog\cl.command.1.tlog
d:\software\gitprojects\computergraphics\cg_skel_2013\cg_skel_w_mfc\debug\cg_skel_w_mfc.tlog\cl.read.1.tlog
d:\software\gitprojects\computergraphics\cg_skel_2013\cg_skel_w_mfc\debug\cg_skel_w_mfc.tlog\cl.write.1.tlog
d:\software\gitprojects\computergraphics\cg_skel_2013\cg_skel_w_mfc\debug\cg_skel_w_mfc.tlog\link.command.1.tlog
d:\software\gitprojects\computergraphics\cg_skel_2013\cg_skel_w_mfc\debug\cg_skel_w_mfc.tlog\link.read.1.tlog
d:\software\gitprojects\computergraphics\cg_skel_2013\cg_skel_w_mfc\debug\cg_skel_w_mfc.tlog\link.write.1.tlog
d:\software\gitprojects\computergraphics\cg_skel_2013\cg_skel_w_mfc\debug\cg_skel_w_mfc.tlog\rc.command.1.tlog
d:\software\gitprojects\computergraphics\cg_skel_2013\cg_skel_w_mfc\debug\cg_skel_w_mfc.tlog\rc.read.1.tlog
d:\software\gitprojects\computergraphics\cg_skel_2013\cg_skel_w_mfc\debug\cg_skel_w_mfc.tlog\rc.write.1.tlog
