Build started 09-Dec-17 7:36:39 PM.
     1>Project "D:\software\gitProjects\ComputerGraphics\CG_skel_2013\CG_skel_w_MFC\CG_skel_w_MFC.vcxproj" on node 2 (Rebuild target(s)).
     1>ClCompile:
         D:\software\visual studio 2013\VC\bin\CL.exe /c /I../glew/include /I../freeglut/include /ZI /nologo /W3 /WX- /Od /Oy- /D FREEGLUT_STATIC /D GLEW_STATIC /D WIN32 /D _DEBUG /D _CONSOLE /D _AFXDLL /Gm /EHsc /RTC1 /MDd /GS /fp:precise /Zc:wchar_t /Zc:forScope /Yc"stdafx.h" /Fp"Debug\CG_skel_w_MFC.pch" /Fo"Debug\\" /Fd"Debug\vc120.pdb" /Gd /TP /analyze- /errorReport:prompt stdafx.cpp
         stdafx.cpp
         D:\software\visual studio 2013\VC\bin\CL.exe /c /I../glew/include /I../freeglut/include /ZI /nologo /W3 /WX- /Od /Oy- /D FREEGLUT_STATIC /D GLEW_STATIC /D WIN32 /D _DEBUG /D _CONSOLE /D _AFXDLL /Gm /EHsc /RTC1 /MDd /GS /fp:precise /Zc:wchar_t /Zc:forScope /Yu"stdafx.h" /Fp"Debug\CG_skel_w_MFC.pch" /Fo"Debug\\" /Fd"Debug\vc120.pdb" /Gd /TP /analyze- /errorReport:prompt CG_skel_w_MFC.cpp InitShader.cpp InputDialog.cpp MeshModel.cpp Renderer.cpp Scene.cpp UnitTest.cpp
         UnitTest.cpp
     1>d:\software\gitprojects\computergraphics\cg_skel_2013\cg_skel_w_mfc\mat.h(557): warning C4244: 'initializing' : conversion from 'double' to 'GLfloat', possible loss of data
     1>d:\software\gitprojects\computergraphics\cg_skel_2013\cg_skel_w_mfc\mat.h(569): warning C4244: 'initializing' : conversion from 'double' to 'GLfloat', possible loss of data
     1>d:\software\gitprojects\computergraphics\cg_skel_2013\cg_skel_w_mfc\mat.h(581): warning C4244: 'initializing' : conversion from 'double' to 'GLfloat', possible loss of data
     1>d:\software\gitprojects\computergraphics\cg_skel_2013\cg_skel_w_mfc\mat.h(596): warning C4244: 'initializing' : conversion from 'double' to 'GLfloat', possible loss of data
         Scene.cpp
     1>d:\software\gitprojects\computergraphics\cg_skel_2013\cg_skel_w_mfc\mat.h(557): warning C4244: 'initializing' : conversion from 'double' to 'GLfloat', possible loss of data
     1>d:\software\gitprojects\computergraphics\cg_skel_2013\cg_skel_w_mfc\mat.h(569): warning C4244: 'initializing' : conversion from 'double' to 'GLfloat', possible loss of data
     1>d:\software\gitprojects\computergraphics\cg_skel_2013\cg_skel_w_mfc\mat.h(581): warning C4244: 'initializing' : conversion from 'double' to 'GLfloat', possible loss of data
     1>d:\software\gitprojects\computergraphics\cg_skel_2013\cg_skel_w_mfc\mat.h(596): warning C4244: 'initializing' : conversion from 'double' to 'GLfloat', possible loss of data
     1>d:\software\gitprojects\computergraphics\cg_skel_2013\cg_skel_w_mfc\scene.cpp(169): warning C4244: 'initializing' : conversion from 'double' to 'GLfloat', possible loss of data
     1>d:\software\gitprojects\computergraphics\cg_skel_2013\cg_skel_w_mfc\scene.cpp(294): warning C4018: '<' : signed/unsigned mismatch
     1>d:\software\gitprojects\computergraphics\cg_skel_2013\cg_skel_w_mfc\scene.cpp(298): warning C4018: '<' : signed/unsigned mismatch
     1>d:\software\gitprojects\computergraphics\cg_skel_2013\cg_skel_w_mfc\scene.cpp(335): warning C4018: '<' : signed/unsigned mismatch
     1>d:\software\gitprojects\computergraphics\cg_skel_2013\cg_skel_w_mfc\scene.cpp(362): warning C4018: '>' : signed/unsigned mismatch
     1>d:\software\gitprojects\computergraphics\cg_skel_2013\cg_skel_w_mfc\scene.cpp(469): warning C4244: '+=' : conversion from 'double' to 'GLfloat', possible loss of data
         Renderer.cpp
     1>d:\software\gitprojects\computergraphics\cg_skel_2013\cg_skel_w_mfc\mat.h(557): warning C4244: 'initializing' : conversion from 'double' to 'GLfloat', possible loss of data
     1>d:\software\gitprojects\computergraphics\cg_skel_2013\cg_skel_w_mfc\mat.h(569): warning C4244: 'initializing' : conversion from 'double' to 'GLfloat', possible loss of data
     1>d:\software\gitprojects\computergraphics\cg_skel_2013\cg_skel_w_mfc\mat.h(581): warning C4244: 'initializing' : conversion from 'double' to 'GLfloat', possible loss of data
     1>d:\software\gitprojects\computergraphics\cg_skel_2013\cg_skel_w_mfc\mat.h(596): warning C4244: 'initializing' : conversion from 'double' to 'GLfloat', possible loss of data
     1>d:\software\gitprojects\computergraphics\cg_skel_2013\cg_skel_w_mfc\renderer.cpp(109): warning C4244: 'initializing' : conversion from 'GLfloat' to 'int', possible loss of data
     1>d:\software\gitprojects\computergraphics\cg_skel_2013\cg_skel_w_mfc\renderer.cpp(110): warning C4244: 'initializing' : conversion from 'GLfloat' to 'int', possible loss of data
     1>d:\software\gitprojects\computergraphics\cg_skel_2013\cg_skel_w_mfc\renderer.cpp(111): warning C4244: 'argument' : conversion from 'int' to 'GLfloat', possible loss of data
     1>d:\software\gitprojects\computergraphics\cg_skel_2013\cg_skel_w_mfc\renderer.cpp(418): warning C4244: 'initializing' : conversion from 'GLfloat' to 'int', possible loss of data
         MeshModel.cpp
     1>d:\software\gitprojects\computergraphics\cg_skel_2013\cg_skel_w_mfc\mat.h(557): warning C4244: 'initializing' : conversion from 'double' to 'GLfloat', possible loss of data
     1>d:\software\gitprojects\computergraphics\cg_skel_2013\cg_skel_w_mfc\mat.h(569): warning C4244: 'initializing' : conversion from 'double' to 'GLfloat', possible loss of data
     1>d:\software\gitprojects\computergraphics\cg_skel_2013\cg_skel_w_mfc\mat.h(581): warning C4244: 'initializing' : conversion from 'double' to 'GLfloat', possible loss of data
     1>d:\software\gitprojects\computergraphics\cg_skel_2013\cg_skel_w_mfc\mat.h(596): warning C4244: 'initializing' : conversion from 'double' to 'GLfloat', possible loss of data
         InputDialog.cpp
         InitShader.cpp
     1>d:\software\gitprojects\computergraphics\cg_skel_2013\cg_skel_w_mfc\initshader.cpp(11): warning C4996: 'fopen': This function or variable may be unsafe. Consider using fopen_s instead. To disable deprecation, use _CRT_SECURE_NO_WARNINGS. See online help for details.
                 d:\software\visual studio 2013\vc\include\stdio.h(211) : see declaration of 'fopen'
         CG_skel_w_MFC.cpp
     1>d:\software\gitprojects\computergraphics\cg_skel_2013\cg_skel_w_mfc\mat.h(557): warning C4244: 'initializing' : conversion from 'double' to 'GLfloat', possible loss of data
     1>d:\software\gitprojects\computergraphics\cg_skel_2013\cg_skel_w_mfc\mat.h(569): warning C4244: 'initializing' : conversion from 'double' to 'GLfloat', possible loss of data
     1>d:\software\gitprojects\computergraphics\cg_skel_2013\cg_skel_w_mfc\mat.h(581): warning C4244: 'initializing' : conversion from 'double' to 'GLfloat', possible loss of data
     1>d:\software\gitprojects\computergraphics\cg_skel_2013\cg_skel_w_mfc\mat.h(596): warning C4244: 'initializing' : conversion from 'double' to 'GLfloat', possible loss of data
     1>d:\software\gitprojects\computergraphics\cg_skel_2013\cg_skel_w_mfc\cg_skel_w_mfc.cpp(171): warning C4244: '=' : conversion from 'double' to 'GLfloat', possible loss of data
     1>d:\software\gitprojects\computergraphics\cg_skel_2013\cg_skel_w_mfc\cg_skel_w_mfc.cpp(176): warning C4244: '=' : conversion from 'double' to 'GLfloat', possible loss of data
     1>d:\software\gitprojects\computergraphics\cg_skel_2013\cg_skel_w_mfc\cg_skel_w_mfc.cpp(187): warning C4244: 'initializing' : conversion from 'double' to 'GLfloat', possible loss of data
     1>d:\software\gitprojects\computergraphics\cg_skel_2013\cg_skel_w_mfc\cg_skel_w_mfc.cpp(188): warning C4244: 'initializing' : conversion from 'double' to 'GLfloat', possible loss of data
     1>d:\software\gitprojects\computergraphics\cg_skel_2013\cg_skel_w_mfc\cg_skel_w_mfc.cpp(245): warning C4244: 'argument' : conversion from 'int' to 'const GLfloat', possible loss of data
     1>d:\software\gitprojects\computergraphics\cg_skel_2013\cg_skel_w_mfc\cg_skel_w_mfc.cpp(249): warning C4244: 'argument' : conversion from 'int' to 'const GLfloat', possible loss of data
     1>d:\software\gitprojects\computergraphics\cg_skel_2013\cg_skel_w_mfc\cg_skel_w_mfc.cpp(255): warning C4244: 'argument' : conversion from 'int' to 'const GLfloat', possible loss of data
     1>d:\software\gitprojects\computergraphics\cg_skel_2013\cg_skel_w_mfc\cg_skel_w_mfc.cpp(265): warning C4244: 'argument' : conversion from 'int' to 'const GLfloat', possible loss of data
     1>d:\software\gitprojects\computergraphics\cg_skel_2013\cg_skel_w_mfc\cg_skel_w_mfc.cpp(269): warning C4244: 'argument' : conversion from 'int' to 'const GLfloat', possible loss of data
     1>d:\software\gitprojects\computergraphics\cg_skel_2013\cg_skel_w_mfc\cg_skel_w_mfc.cpp(275): warning C4244: 'argument' : conversion from 'int' to 'const GLfloat', possible loss of data
     1>d:\software\gitprojects\computergraphics\cg_skel_2013\cg_skel_w_mfc\cg_skel_w_mfc.cpp(283): warning C4244: 'argument' : conversion from 'int' to 'const GLfloat', possible loss of data
     1>d:\software\gitprojects\computergraphics\cg_skel_2013\cg_skel_w_mfc\cg_skel_w_mfc.cpp(288): warning C4244: 'argument' : conversion from 'int' to 'const GLfloat', possible loss of data
     1>d:\software\gitprojects\computergraphics\cg_skel_2013\cg_skel_w_mfc\cg_skel_w_mfc.cpp(296): warning C4244: 'argument' : conversion from 'int' to 'const GLfloat', possible loss of data
     1>d:\software\gitprojects\computergraphics\cg_skel_2013\cg_skel_w_mfc\cg_skel_w_mfc.cpp(301): warning C4244: 'argument' : conversion from 'int' to 'const GLfloat', possible loss of data
     1>d:\software\gitprojects\computergraphics\cg_skel_2013\cg_skel_w_mfc\cg_skel_w_mfc.cpp(314): warning C4244: 'argument' : conversion from 'int' to 'const GLfloat', possible loss of data
     1>d:\software\gitprojects\computergraphics\cg_skel_2013\cg_skel_w_mfc\cg_skel_w_mfc.cpp(315): warning C4244: 'argument' : conversion from 'int' to 'const GLfloat', possible loss of data
     1>d:\software\gitprojects\computergraphics\cg_skel_2013\cg_skel_w_mfc\cg_skel_w_mfc.cpp(318): warning C4244: 'argument' : conversion from 'int' to 'const GLfloat', possible loss of data
     1>d:\software\gitprojects\computergraphics\cg_skel_2013\cg_skel_w_mfc\cg_skel_w_mfc.cpp(319): warning C4244: 'argument' : conversion from 'int' to 'const GLfloat', possible loss of data
     1>d:\software\gitprojects\computergraphics\cg_skel_2013\cg_skel_w_mfc\cg_skel_w_mfc.cpp(322): warning C4244: 'argument' : conversion from 'int' to 'const GLfloat', possible loss of data
     1>d:\software\gitprojects\computergraphics\cg_skel_2013\cg_skel_w_mfc\cg_skel_w_mfc.cpp(323): warning C4244: 'argument' : conversion from 'int' to 'const GLfloat', possible loss of data
     1>d:\software\gitprojects\computergraphics\cg_skel_2013\cg_skel_w_mfc\cg_skel_w_mfc.cpp(333): warning C4244: '=' : conversion from 'double' to 'GLfloat', possible loss of data
     1>d:\software\gitprojects\computergraphics\cg_skel_2013\cg_skel_w_mfc\cg_skel_w_mfc.cpp(349): warning C4244: '*=' : conversion from 'double' to 'GLfloat', possible loss of data
     1>d:\software\gitprojects\computergraphics\cg_skel_2013\cg_skel_w_mfc\cg_skel_w_mfc.cpp(350): warning C4244: '*=' : conversion from 'double' to 'GLfloat', possible loss of data
     1>d:\software\gitprojects\computergraphics\cg_skel_2013\cg_skel_w_mfc\cg_skel_w_mfc.cpp(351): warning C4244: '*=' : conversion from 'double' to 'GLfloat', possible loss of data
     1>d:\software\gitprojects\computergraphics\cg_skel_2013\cg_skel_w_mfc\cg_skel_w_mfc.cpp(352): warning C4244: 'argument' : conversion from 'double' to 'const GLfloat', possible loss of data
     1>d:\software\gitprojects\computergraphics\cg_skel_2013\cg_skel_w_mfc\cg_skel_w_mfc.cpp(357): warning C4244: '/=' : conversion from 'double' to 'GLfloat', possible loss of data
     1>d:\software\gitprojects\computergraphics\cg_skel_2013\cg_skel_w_mfc\cg_skel_w_mfc.cpp(358): warning C4244: '/=' : conversion from 'double' to 'GLfloat', possible loss of data
     1>d:\software\gitprojects\computergraphics\cg_skel_2013\cg_skel_w_mfc\cg_skel_w_mfc.cpp(359): warning C4244: '/=' : conversion from 'double' to 'GLfloat', possible loss of data
     1>d:\software\gitprojects\computergraphics\cg_skel_2013\cg_skel_w_mfc\cg_skel_w_mfc.cpp(360): warning C4244: 'argument' : conversion from 'double' to 'const GLfloat', possible loss of data
     1>d:\software\gitprojects\computergraphics\cg_skel_2013\cg_skel_w_mfc\cg_skel_w_mfc.cpp(372): warning C4244: 'argument' : conversion from 'int' to 'const GLfloat', possible loss of data
     1>d:\software\gitprojects\computergraphics\cg_skel_2013\cg_skel_w_mfc\cg_skel_w_mfc.cpp(373): warning C4244: 'argument' : conversion from 'int' to 'const GLfloat', possible loss of data
     1>d:\software\gitprojects\computergraphics\cg_skel_2013\cg_skel_w_mfc\cg_skel_w_mfc.cpp(376): warning C4244: 'argument' : conversion from 'int' to 'const GLfloat', possible loss of data
     1>d:\software\gitprojects\computergraphics\cg_skel_2013\cg_skel_w_mfc\cg_skel_w_mfc.cpp(377): warning C4244: 'argument' : conversion from 'int' to 'const GLfloat', possible loss of data
     1>d:\software\gitprojects\computergraphics\cg_skel_2013\cg_skel_w_mfc\cg_skel_w_mfc.cpp(380): warning C4244: 'argument' : conversion from 'int' to 'const GLfloat', possible loss of data
     1>d:\software\gitprojects\computergraphics\cg_skel_2013\cg_skel_w_mfc\cg_skel_w_mfc.cpp(381): warning C4244: 'argument' : conversion from 'int' to 'const GLfloat', possible loss of data
     1>d:\software\gitprojects\computergraphics\cg_skel_2013\cg_skel_w_mfc\cg_skel_w_mfc.cpp(389): warning C4244: 'argument' : conversion from 'int' to 'const GLfloat', possible loss of data
     1>d:\software\gitprojects\computergraphics\cg_skel_2013\cg_skel_w_mfc\cg_skel_w_mfc.cpp(451): warning C4018: '<' : signed/unsigned mismatch
         Generating Code...
       ResourceCompile:
         C:\Program Files (x86)\Windows Kits\8.1\bin\x86\rc.exe /D _AFXDLL /l"0x0409" /nologo /fo"Debug\CG_skel_w_MFC.res" CG_skel_w_MFC.rc 
       Link:
         D:\software\visual studio 2013\VC\bin\link.exe /ERRORREPORT:PROMPT /OUT:"D:\software\gitProjects\ComputerGraphics\CG_skel_2013\Debug\CG_skel_w_MFC.exe" /INCREMENTAL /NOLOGO ../freeglut/lib/freeglut_static.lib ../glew/lib/glew.lib /MANIFEST /MANIFESTUAC:"level='asInvoker' uiAccess='false'" /manifest:embed /manifestinput:"D:\software\visual studio 2013\VC\Include\Manifest\dpiaware.manifest" /DEBUG /PDB:"D:\software\gitProjects\ComputerGraphics\CG_skel_2013\Debug\CG_skel_w_MFC.pdb" /SUBSYSTEM:CONSOLE /TLBID:1 /DYNAMICBASE /NXCOMPAT /IMPLIB:"D:\software\gitProjects\ComputerGraphics\CG_skel_2013\Debug\CG_skel_w_MFC.lib" /MACHINE:X86 /SAFESEH Debug\CG_skel_w_MFC.res
         Debug\CG_skel_w_MFC.obj
         Debug\InitShader.obj
         Debug\InputDialog.obj
         Debug\MeshModel.obj
         Debug\Renderer.obj
         Debug\Scene.obj
         Debug\stdafx.obj
         Debug\UnitTest.obj
         D:\software\gitProjects\ComputerGraphics\CG_skel_2013\freeglut\lib\freeglut_static.lib
         D:\software\gitProjects\ComputerGraphics\CG_skel_2013\glew\lib\glew.lib
     1>CG_skel_w_MFC.obj : warning LNK4075: ignoring '/EDITANDCONTINUE' due to '/SAFESEH' specification
         CG_skel_w_MFC.vcxproj -> D:\software\gitProjects\ComputerGraphics\CG_skel_2013\Debug\CG_skel_w_MFC.exe
     1>Done Building Project "D:\software\gitProjects\ComputerGraphics\CG_skel_2013\CG_skel_w_MFC\CG_skel_w_MFC.vcxproj" (Rebuild target(s)).

Build succeeded.

Time Elapsed 00:00:04.28
