d:\software\gitprojects\cg_hw1\cg_skel_2013\cg_skel_w_mfc\release\cg_skel_w_mfc.pch
d:\software\gitprojects\cg_hw1\cg_skel_2013\cg_skel_w_mfc\release\vc120.pdb
d:\software\gitprojects\cg_hw1\cg_skel_2013\cg_skel_w_mfc\release\stdafx.obj
d:\software\gitprojects\cg_hw1\cg_skel_2013\cg_skel_w_mfc\release\meshmodel.obj
d:\software\gitprojects\cg_hw1\cg_skel_2013\cg_skel_w_mfc\release\inputdialog.obj
d:\software\gitprojects\cg_hw1\cg_skel_2013\cg_skel_w_mfc\release\initshader.obj
d:\software\gitprojects\cg_hw1\cg_skel_2013\cg_skel_w_mfc\release\scene.obj
d:\software\gitprojects\cg_hw1\cg_skel_2013\cg_skel_w_mfc\release\renderer.obj
d:\software\gitprojects\cg_hw1\cg_skel_2013\cg_skel_w_mfc\release\cg_skel_w_mfc.obj
d:\software\gitprojects\cg_hw1\cg_skel_2013\cg_skel_w_mfc\release\unittest.obj
d:\software\gitprojects\cg_hw1\cg_skel_2013\release\cg_skel_w_mfc.exe
d:\software\gitprojects\cg_hw1\cg_skel_2013\cg_skel_w_mfc\release\cg_skel_w_mfc.res
d:\software\gitprojects\cg_hw1\cg_skel_2013\cg_skel_w_mfc\release\cg_skel_w_mfc.tlog\cl.command.1.tlog
d:\software\gitprojects\cg_hw1\cg_skel_2013\cg_skel_w_mfc\release\cg_skel_w_mfc.tlog\cl.read.1.tlog
d:\software\gitprojects\cg_hw1\cg_skel_2013\cg_skel_w_mfc\release\cg_skel_w_mfc.tlog\cl.write.1.tlog
d:\software\gitprojects\cg_hw1\cg_skel_2013\cg_skel_w_mfc\release\cg_skel_w_mfc.tlog\link.command.1.tlog
d:\software\gitprojects\cg_hw1\cg_skel_2013\cg_skel_w_mfc\release\cg_skel_w_mfc.tlog\link.read.1.tlog
d:\software\gitprojects\cg_hw1\cg_skel_2013\cg_skel_w_mfc\release\cg_skel_w_mfc.tlog\link.write.1.tlog
d:\software\gitprojects\cg_hw1\cg_skel_2013\cg_skel_w_mfc\release\cg_skel_w_mfc.tlog\rc.command.1.tlog
d:\software\gitprojects\cg_hw1\cg_skel_2013\cg_skel_w_mfc\release\cg_skel_w_mfc.tlog\rc.read.1.tlog
d:\software\gitprojects\cg_hw1\cg_skel_2013\cg_skel_w_mfc\release\cg_skel_w_mfc.tlog\rc.write.1.tlog
