c:\omri\code\234325_cg\cg_skel\freeglut\release\vc120.pdb
c:\omri\code\234325_cg\cg_skel\freeglut\release\freeglut_stroke_roman.obj
c:\omri\code\234325_cg\cg_skel\freeglut\release\freeglut_stroke_mono_roman.obj
c:\omri\code\234325_cg\cg_skel\freeglut\release\freeglut_state.obj
c:\omri\code\234325_cg\cg_skel\freeglut\release\freeglut_spaceball.obj
c:\omri\code\234325_cg\cg_skel\freeglut\release\freeglut_overlay.obj
c:\omri\code\234325_cg\cg_skel\freeglut\release\freeglut_misc.obj
c:\omri\code\234325_cg\cg_skel\freeglut\release\freeglut_menu.obj
c:\omri\code\234325_cg\cg_skel\freeglut\release\freeglut_main.obj
c:\omri\code\234325_cg\cg_skel\freeglut\release\freeglut_joystick.obj
c:\omri\code\234325_cg\cg_skel\freeglut\release\freeglut_input_devices.obj
c:\omri\code\234325_cg\cg_skel\freeglut\release\freeglut_init.obj
c:\omri\code\234325_cg\cg_skel\freeglut\release\freeglut_glutfont_definitions.obj
c:\omri\code\234325_cg\cg_skel\freeglut\release\freeglut_geometry.obj
c:\omri\code\234325_cg\cg_skel\freeglut\release\freeglut_gamemode.obj
c:\omri\code\234325_cg\cg_skel\freeglut\release\freeglut_font_data.obj
c:\omri\code\234325_cg\cg_skel\freeglut\release\freeglut_font.obj
c:\omri\code\234325_cg\cg_skel\freeglut\release\freeglut_ext.obj
c:\omri\code\234325_cg\cg_skel\freeglut\release\freeglut_display.obj
c:\omri\code\234325_cg\cg_skel\freeglut\release\freeglut_cursor.obj
c:\omri\code\234325_cg\cg_skel\freeglut\release\freeglut_callbacks.obj
c:\omri\code\234325_cg\cg_skel\freeglut\release\freeglut_window.obj
c:\omri\code\234325_cg\cg_skel\freeglut\release\freeglut_videoresize.obj
c:\omri\code\234325_cg\cg_skel\freeglut\release\freeglut_teapot.obj
c:\omri\code\234325_cg\cg_skel\freeglut\release\freeglut_structure.obj
c:\omri\code\234325_cg\cg_skel_2013\freeglut\release\vc120.pdb
c:\omri\code\234325_cg\cg_skel_2013\freeglut\release\freeglut_stroke_roman.obj
c:\omri\code\234325_cg\cg_skel_2013\freeglut\release\freeglut_stroke_mono_roman.obj
c:\omri\code\234325_cg\cg_skel_2013\freeglut\release\freeglut_state.obj
c:\omri\code\234325_cg\cg_skel_2013\freeglut\release\freeglut_spaceball.obj
c:\omri\code\234325_cg\cg_skel_2013\freeglut\release\freeglut_overlay.obj
c:\omri\code\234325_cg\cg_skel_2013\freeglut\release\freeglut_misc.obj
c:\omri\code\234325_cg\cg_skel_2013\freeglut\release\freeglut_menu.obj
c:\omri\code\234325_cg\cg_skel_2013\freeglut\release\freeglut_main.obj
c:\omri\code\234325_cg\cg_skel_2013\freeglut\release\freeglut_joystick.obj
c:\omri\code\234325_cg\cg_skel_2013\freeglut\release\freeglut_input_devices.obj
c:\omri\code\234325_cg\cg_skel_2013\freeglut\release\freeglut_init.obj
c:\omri\code\234325_cg\cg_skel_2013\freeglut\release\freeglut_glutfont_definitions.obj
c:\omri\code\234325_cg\cg_skel_2013\freeglut\release\freeglut_geometry.obj
c:\omri\code\234325_cg\cg_skel_2013\freeglut\release\freeglut_gamemode.obj
c:\omri\code\234325_cg\cg_skel_2013\freeglut\release\freeglut_font_data.obj
c:\omri\code\234325_cg\cg_skel_2013\freeglut\release\freeglut_font.obj
c:\omri\code\234325_cg\cg_skel_2013\freeglut\release\freeglut_ext.obj
c:\omri\code\234325_cg\cg_skel_2013\freeglut\release\freeglut_display.obj
c:\omri\code\234325_cg\cg_skel_2013\freeglut\release\freeglut_cursor.obj
c:\omri\code\234325_cg\cg_skel_2013\freeglut\release\freeglut_callbacks.obj
c:\omri\code\234325_cg\cg_skel_2013\freeglut\release\freeglut_window.obj
c:\omri\code\234325_cg\cg_skel_2013\freeglut\release\freeglut_videoresize.obj
c:\omri\code\234325_cg\cg_skel_2013\freeglut\release\freeglut_teapot.obj
c:\omri\code\234325_cg\cg_skel_2013\freeglut\release\freeglut_structure.obj
c:\omri\code\234325_cg\cg_skel\freeglut\lib\freeglut_static.lib
c:\omri\code\234325_cg\cg_skel_2013\freeglut\lib\freeglut_static.lib
c:\omri\code\234325_cg\cg_skel_2013\freeglut\release\freeglut.tlog\cl.command.1.tlog
c:\omri\code\234325_cg\cg_skel_2013\freeglut\release\freeglut.tlog\cl.read.1.tlog
c:\omri\code\234325_cg\cg_skel_2013\freeglut\release\freeglut.tlog\cl.write.1.tlog
c:\omri\code\234325_cg\cg_skel_2013\freeglut\release\freeglut.tlog\lib-link.read.1.tlog
c:\omri\code\234325_cg\cg_skel_2013\freeglut\release\freeglut.tlog\lib-link.write.1.tlog
c:\omri\code\234325_cg\cg_skel_2013\freeglut\release\freeglut.tlog\lib.command.1.tlog
