Build started 24-Oct-17 6:44:23 PM.
     1>Project "C:\Users\dolbb\Dropbox\Dropbox\technion\ComputerGraphics\commonSolution\CG_skel_2013\freeglut\freeglut.vcxproj" on node 3 (Build target(s)).
     1>ClCompile:
         D:\software\visual studio 2013\VC\bin\CL.exe /c /Iinclude\ /Zi /nologo /W3 /WX- /O2 /Oi /Oy- /GL /D FREEGLUT_STATIC /D _MBCS /Gm- /EHsc /MD /GS /Gy /fp:precise /Zc:wchar_t /Zc:forScope /Fo"Release\\" /Fd"Release\vc120.pdb" /Gd /TC /analyze- /errorReport:prompt src\freeglut_callbacks.c src\freeglut_cursor.c src\freeglut_display.c src\freeglut_ext.c src\freeglut_font.c src\freeglut_font_data.c src\freeglut_gamemode.c src\freeglut_geometry.c src\freeglut_glutfont_definitions.c src\freeglut_init.c src\freeglut_input_devices.c src\freeglut_joystick.c src\freeglut_main.c src\freeglut_menu.c src\freeglut_misc.c src\freeglut_overlay.c src\freeglut_spaceball.c src\freeglut_state.c src\freeglut_stroke_mono_roman.c src\freeglut_stroke_roman.c src\freeglut_structure.c src\freeglut_teapot.c src\freeglut_videoresize.c src\freeglut_window.c
         freeglut_callbacks.c
         freeglut_cursor.c
         freeglut_display.c
         freeglut_ext.c
         freeglut_font.c
         freeglut_font_data.c
         freeglut_gamemode.c
     1>src\freeglut_gamemode.c(394): warning C4996: 'sscanf': This function or variable may be unsafe. Consider using sscanf_s instead. To disable deprecation, use _CRT_SECURE_NO_WARNINGS. See online help for details.
                 D:\software\visual studio 2013\VC\include\stdio.h(304) : see declaration of 'sscanf'
     1>src\freeglut_gamemode.c(395): warning C4996: 'sscanf': This function or variable may be unsafe. Consider using sscanf_s instead. To disable deprecation, use _CRT_SECURE_NO_WARNINGS. See online help for details.
                 D:\software\visual studio 2013\VC\include\stdio.h(304) : see declaration of 'sscanf'
     1>src\freeglut_gamemode.c(396): warning C4996: 'sscanf': This function or variable may be unsafe. Consider using sscanf_s instead. To disable deprecation, use _CRT_SECURE_NO_WARNINGS. See online help for details.
                 D:\software\visual studio 2013\VC\include\stdio.h(304) : see declaration of 'sscanf'
     1>src\freeglut_gamemode.c(397): warning C4996: 'sscanf': This function or variable may be unsafe. Consider using sscanf_s instead. To disable deprecation, use _CRT_SECURE_NO_WARNINGS. See online help for details.
                 D:\software\visual studio 2013\VC\include\stdio.h(304) : see declaration of 'sscanf'
     1>src\freeglut_gamemode.c(398): warning C4996: 'sscanf': This function or variable may be unsafe. Consider using sscanf_s instead. To disable deprecation, use _CRT_SECURE_NO_WARNINGS. See online help for details.
                 D:\software\visual studio 2013\VC\include\stdio.h(304) : see declaration of 'sscanf'
     1>src\freeglut_gamemode.c(399): warning C4996: 'sscanf': This function or variable may be unsafe. Consider using sscanf_s instead. To disable deprecation, use _CRT_SECURE_NO_WARNINGS. See online help for details.
                 D:\software\visual studio 2013\VC\include\stdio.h(304) : see declaration of 'sscanf'
     1>src\freeglut_gamemode.c(400): warning C4996: 'sscanf': This function or variable may be unsafe. Consider using sscanf_s instead. To disable deprecation, use _CRT_SECURE_NO_WARNINGS. See online help for details.
                 D:\software\visual studio 2013\VC\include\stdio.h(304) : see declaration of 'sscanf'
         freeglut_geometry.c
         freeglut_glutfont_definitions.c
         freeglut_init.c
     1>src\freeglut_init.c(717): warning C4996: 'getenv': This function or variable may be unsafe. Consider using _dupenv_s instead. To disable deprecation, use _CRT_SECURE_NO_WARNINGS. See online help for details.
                 D:\software\visual studio 2013\VC\include\stdlib.h(462) : see declaration of 'getenv'
     1>src\freeglut_init.c(722): warning C4996: 'sscanf': This function or variable may be unsafe. Consider using sscanf_s instead. To disable deprecation, use _CRT_SECURE_NO_WARNINGS. See online help for details.
                 D:\software\visual studio 2013\VC\include\stdio.h(304) : see declaration of 'sscanf'
     1>src\freeglut_init.c(741): warning C4996: 'getenv': This function or variable may be unsafe. Consider using _dupenv_s instead. To disable deprecation, use _CRT_SECURE_NO_WARNINGS. See online help for details.
                 D:\software\visual studio 2013\VC\include\stdlib.h(462) : see declaration of 'getenv'
     1>src\freeglut_init.c(685): warning C4101: 'sLen' : unreferenced local variable
         freeglut_input_devices.c
     1>src\freeglut_input_devices.c(152): warning C4996: 'getenv': This function or variable may be unsafe. Consider using _dupenv_s instead. To disable deprecation, use _CRT_SECURE_NO_WARNINGS. See online help for details.
                 D:\software\visual studio 2013\VC\include\stdlib.h(462) : see declaration of 'getenv'
         freeglut_joystick.c
     1>src\freeglut_joystick.c(1021): warning C4996: '_snprintf': This function or variable may be unsafe. Consider using _snprintf_s instead. To disable deprecation, use _CRT_SECURE_NO_WARNINGS. See online help for details.
                 D:\software\visual studio 2013\VC\include\stdio.h(346) : see declaration of '_snprintf'
     1>src\freeglut_joystick.c(1031): warning C4996: '_snprintf': This function or variable may be unsafe. Consider using _snprintf_s instead. To disable deprecation, use _CRT_SECURE_NO_WARNINGS. See online help for details.
                 D:\software\visual studio 2013\VC\include\stdio.h(346) : see declaration of '_snprintf'
     1>src\freeglut_joystick.c(1039): warning C4996: '_snprintf': This function or variable may be unsafe. Consider using _snprintf_s instead. To disable deprecation, use _CRT_SECURE_NO_WARNINGS. See online help for details.
                 D:\software\visual studio 2013\VC\include\stdio.h(346) : see declaration of '_snprintf'
     1>src\freeglut_joystick.c(1273): warning C4996: 'strncpy': This function or variable may be unsafe. Consider using strncpy_s instead. To disable deprecation, use _CRT_SECURE_NO_WARNINGS. See online help for details.
                 D:\software\visual studio 2013\VC\include\string.h(195) : see declaration of 'strncpy'
         freeglut_main.c
         freeglut_menu.c
         freeglut_misc.c
         freeglut_overlay.c
         freeglut_spaceball.c
         freeglut_state.c
         freeglut_stroke_mono_roman.c
         freeglut_stroke_roman.c
         Compiling...
         freeglut_structure.c
         freeglut_teapot.c
         freeglut_videoresize.c
         freeglut_window.c
         fgSetupPixelFormat(): there is still some work to do here!
     1>C:\Program Files (x86)\MSBuild\Microsoft.Cpp\v4.0\V120\Microsoft.CppBuild.targets(1361,5): warning MSB8012: TargetPath(C:\Users\dolbb\Dropbox\Dropbox\technion\ComputerGraphics\commonSolution\CG_skel_2013\Release\freeglut.lib) does not match the Library's OutputFile property value (C:\Users\dolbb\Dropbox\Dropbox\technion\ComputerGraphics\commonSolution\CG_skel_2013\freeglut\lib\freeglut_static.lib). This may cause your project to build incorrectly. To correct this, please make sure that $(OutDir), $(TargetName) and $(TargetExt) property values match the value specified in %(Lib.OutputFile).
     1>C:\Program Files (x86)\MSBuild\Microsoft.Cpp\v4.0\V120\Microsoft.CppBuild.targets(1363,5): warning MSB8012: TargetName(freeglut) does not match the Library's OutputFile property value (freeglut_static). This may cause your project to build incorrectly. To correct this, please make sure that $(OutDir), $(TargetName) and $(TargetExt) property values match the value specified in %(Lib.OutputFile).
       Lib:
         D:\software\visual studio 2013\VC\bin\Lib.exe /OUT:"lib\freeglut_static.lib" /NOLOGO /LTCG Release\freeglut_callbacks.obj
         Release\freeglut_cursor.obj
         Release\freeglut_display.obj
         Release\freeglut_ext.obj
         Release\freeglut_font.obj
         Release\freeglut_font_data.obj
         Release\freeglut_gamemode.obj
         Release\freeglut_geometry.obj
         Release\freeglut_glutfont_definitions.obj
         Release\freeglut_init.obj
         Release\freeglut_input_devices.obj
         Release\freeglut_joystick.obj
         Release\freeglut_main.obj
         Release\freeglut_menu.obj
         Release\freeglut_misc.obj
         Release\freeglut_overlay.obj
         Release\freeglut_spaceball.obj
         Release\freeglut_state.obj
         Release\freeglut_stroke_mono_roman.obj
         Release\freeglut_stroke_roman.obj
         Release\freeglut_structure.obj
         Release\freeglut_teapot.obj
         Release\freeglut_videoresize.obj
         Release\freeglut_window.obj
         freeglut.vcxproj -> C:\Users\dolbb\Dropbox\Dropbox\technion\ComputerGraphics\commonSolution\CG_skel_2013\Release\freeglut.lib
     1>Done Building Project "C:\Users\dolbb\Dropbox\Dropbox\technion\ComputerGraphics\commonSolution\CG_skel_2013\freeglut\freeglut.vcxproj" (Build target(s)).

Build succeeded.

Time Elapsed 00:00:04.62
