c:\omri\code\234325_cg\cg_skel_2013\freeglut\debug\vc120.pdb
c:\omri\code\234325_cg\cg_skel_2013\freeglut\debug\vc120.idb
c:\omri\code\234325_cg\cg_skel_2013\freeglut\debug\freeglut_font.obj
c:\omri\code\234325_cg\cg_skel_2013\freeglut\debug\freeglut_font_data.obj
c:\omri\code\234325_cg\cg_skel_2013\freeglut\debug\freeglut_gamemode.obj
c:\omri\code\234325_cg\cg_skel_2013\freeglut\debug\freeglut_geometry.obj
c:\omri\code\234325_cg\cg_skel_2013\freeglut\debug\freeglut_glutfont_definitions.obj
c:\omri\code\234325_cg\cg_skel_2013\freeglut\debug\freeglut_init.obj
c:\omri\code\234325_cg\cg_skel_2013\freeglut\debug\freeglut_input_devices.obj
c:\omri\code\234325_cg\cg_skel_2013\freeglut\debug\freeglut_joystick.obj
c:\omri\code\234325_cg\cg_skel_2013\freeglut\debug\freeglut_main.obj
c:\omri\code\234325_cg\cg_skel_2013\freeglut\debug\freeglut_menu.obj
c:\omri\code\234325_cg\cg_skel_2013\freeglut\debug\freeglut_misc.obj
c:\omri\code\234325_cg\cg_skel_2013\freeglut\debug\freeglut_overlay.obj
c:\omri\code\234325_cg\cg_skel_2013\freeglut\debug\freeglut_spaceball.obj
c:\omri\code\234325_cg\cg_skel_2013\freeglut\debug\freeglut_state.obj
c:\omri\code\234325_cg\cg_skel_2013\freeglut\debug\freeglut_stroke_mono_roman.obj
c:\omri\code\234325_cg\cg_skel_2013\freeglut\debug\freeglut_stroke_roman.obj
c:\omri\code\234325_cg\cg_skel_2013\freeglut\debug\freeglut_structure.obj
c:\omri\code\234325_cg\cg_skel_2013\freeglut\debug\freeglut_teapot.obj
c:\omri\code\234325_cg\cg_skel_2013\freeglut\debug\freeglut_videoresize.obj
c:\omri\code\234325_cg\cg_skel_2013\freeglut\debug\freeglut_window.obj
c:\omri\code\234325_cg\cg_skel_2013\freeglut\debug\freeglut_callbacks.obj
c:\omri\code\234325_cg\cg_skel_2013\freeglut\debug\freeglut_cursor.obj
c:\omri\code\234325_cg\cg_skel_2013\freeglut\debug\freeglut_display.obj
c:\omri\code\234325_cg\cg_skel_2013\freeglut\debug\freeglut_ext.obj
c:\omri\code\234325_cg\cg_skel_2013\freeglut\lib\freeglut_static.lib
c:\omri\code\234325_cg\cg_skel_2013\freeglut\debug\freeglut.tlog\cl.command.1.tlog
c:\omri\code\234325_cg\cg_skel_2013\freeglut\debug\freeglut.tlog\cl.read.1.tlog
c:\omri\code\234325_cg\cg_skel_2013\freeglut\debug\freeglut.tlog\cl.write.1.tlog
c:\omri\code\234325_cg\cg_skel_2013\freeglut\debug\freeglut.tlog\lib-link.read.1.tlog
c:\omri\code\234325_cg\cg_skel_2013\freeglut\debug\freeglut.tlog\lib-link.write.1.tlog
c:\omri\code\234325_cg\cg_skel_2013\freeglut\debug\freeglut.tlog\lib.command.1.tlog
